This is pdfTeX, Version 3.14159265-2.6-1.40.17 (TeX Live 2016) (preloaded format=pdflatex 2017.4.18)  16 NOV 2018 11:31
entering extended mode
 restricted \write18 enabled.
 file:line:error style messages enabled.
 %&-line parsing enabled.
**aes2e-sample.tex
(./aes2e-sample.tex
LaTeX2e <2016/03/31>
Babel <3.9r> and hyphenation patterns for 83 language(s) loaded.
(./aes2e.cls
Document Class: aes2e 2010/10/16 v1.0 Standard LaTeX document class for AES
\trimwidth=\dimen102
\trimheight=\dimen103
\typewidth=\dimen104
\typeheight=\dimen105
\tempdimen=\dimen106
\normaltextheight=\dimen107
\normalbaselineskip=\skip41
\blindfoliodrop=\dimen108
\enumdim=\dimen109
\figwidth=\dimen110
\tabledim=\dimen111
\tableleftskip=\skip42
\tablerightskip=\skip43
\tabnoteleftskip=\skip44
\tabnoterightskip=\skip45
\mathindent=\dimen112
\tempbox=\box26
(/usr/local/texlive/2016/texmf-dist/tex/latex/psnfss/mathptmx.sty
Package: mathptmx 2005/04/12 PSNFSS-v9.2a Times w/ Math, improved (SPQR, WaS) 
LaTeX Font Info:    Redeclaring symbol font `operators' on input line 28.
LaTeX Font Info:    Overwriting symbol font `operators' in version `normal'
(Font)                  OT1/cmr/m/n --> OT1/ztmcm/m/n on input line 28.
LaTeX Font Info:    Overwriting symbol font `operators' in version `bold'
(Font)                  OT1/cmr/bx/n --> OT1/ztmcm/m/n on input line 28.
LaTeX Font Info:    Redeclaring symbol font `letters' on input line 29.
LaTeX Font Info:    Overwriting symbol font `letters' in version `normal'
(Font)                  OML/cmm/m/it --> OML/ztmcm/m/it on input line 29.
LaTeX Font Info:    Overwriting symbol font `letters' in version `bold'
(Font)                  OML/cmm/b/it --> OML/ztmcm/m/it on input line 29.
LaTeX Font Info:    Redeclaring symbol font `symbols' on input line 30.
LaTeX Font Info:    Overwriting symbol font `symbols' in version `normal'
(Font)                  OMS/cmsy/m/n --> OMS/ztmcm/m/n on input line 30.
LaTeX Font Info:    Overwriting symbol font `symbols' in version `bold'
(Font)                  OMS/cmsy/b/n --> OMS/ztmcm/m/n on input line 30.
LaTeX Font Info:    Redeclaring symbol font `largesymbols' on input line 31.
LaTeX Font Info:    Overwriting symbol font `largesymbols' in version `normal'
(Font)                  OMX/cmex/m/n --> OMX/ztmcm/m/n on input line 31.
LaTeX Font Info:    Overwriting symbol font `largesymbols' in version `bold'
(Font)                  OMX/cmex/m/n --> OMX/ztmcm/m/n on input line 31.
\symbold=\mathgroup4
\symitalic=\mathgroup5
LaTeX Font Info:    Redeclaring math alphabet \mathbf on input line 34.
LaTeX Font Info:    Overwriting math alphabet `\mathbf' in version `normal'
(Font)                  OT1/cmr/bx/n --> OT1/ptm/bx/n on input line 34.
LaTeX Font Info:    Overwriting math alphabet `\mathbf' in version `bold'
(Font)                  OT1/cmr/bx/n --> OT1/ptm/bx/n on input line 34.
LaTeX Font Info:    Redeclaring math alphabet \mathit on input line 35.
LaTeX Font Info:    Overwriting math alphabet `\mathit' in version `normal'
(Font)                  OT1/cmr/m/it --> OT1/ptm/m/it on input line 35.
LaTeX Font Info:    Overwriting math alphabet `\mathit' in version `bold'
(Font)                  OT1/cmr/bx/it --> OT1/ptm/m/it on input line 35.
LaTeX Info: Redefining \hbar on input line 50.
)
(/usr/local/texlive/2016/texmf-dist/tex/latex/psnfss/helvet.sty
Package: helvet 2005/04/12 PSNFSS-v9.2a (WaS) 

(/usr/local/texlive/2016/texmf-dist/tex/latex/graphics/keyval.sty
Package: keyval 2014/10/28 v1.15 key=value parser (DPC)
\KV@toks@=\toks14
))
(/usr/local/texlive/2016/texmf-dist/tex/latex/psnfss/courier.sty
Package: courier 2005/04/12 PSNFSS-v9.2a (WaS) 
)
\c@part=\count79
\c@chapter=\count80
\c@section=\count81
\c@subsection=\count82
\c@subsubsection=\count83
\c@paragraph=\count84
\c@subparagraph=\count85
\topsepi=\skip46
\topsepii=\skip47
\topsepiii=\skip48
\itemsepi=\skip49
\itemsepii=\skip50
\itemsepiii=\skip51
\LabelSep=\dimen113
\listtextleftmargin=\skip52
\listtextleftmarginii=\skip53
\listtextleftmarginiii=\skip54
\listtextrightmargin=\skip55
\listlabelleftskip=\skip56
\listlabelleftskipii=\skip57
\listlabelleftskipiii=\skip58
\abovelistskipi=\skip59
\belowlistskipi=\skip60
\abovelistskipii=\skip61
\belowlistskipii=\skip62
\abovelistskipiii=\skip63
\belowlistskipiii=\skip64
\labelsepi=\skip65
\labelsepii=\skip66
\labelsepiii=\skip67
\enumdimwd=\dimen114
\itemleftmargin=\dimen115
\itemlabelsep=\dimen116
\c@ncount=\count86
\c@theorem=\count87
\c@example=\count88
\c@theorem=\count89
\c@lemma=\count90
\c@proposition=\count91
\c@corollary=\count92
\c@definition=\count93
\c@notation=\count94
\c@assumption=\count95
\c@remark=\count96
\abovecaptionskip=\skip68
\belowcaptionskip=\skip69
\c@figure=\count97
\c@table=\count98
\c@boxenv=\count99
\@footmax=\dimen117
LaTeX Font Info:    Try loading font information for OT1+ztmcm on input line 11
70.

(/usr/local/texlive/2016/texmf-dist/tex/latex/psnfss/ot1ztmcm.fd
File: ot1ztmcm.fd 2000/01/03 Fontinst v1.801 font definitions for OT1/ztmcm.
)
LaTeX Font Info:    Try loading font information for OML+ztmcm on input line 11
70.

(/usr/local/texlive/2016/texmf-dist/tex/latex/psnfss/omlztmcm.fd
File: omlztmcm.fd 2000/01/03 Fontinst v1.801 font definitions for OML/ztmcm.
)
LaTeX Font Info:    Try loading font information for OMS+ztmcm on input line 11
70.

(/usr/local/texlive/2016/texmf-dist/tex/latex/psnfss/omsztmcm.fd
File: omsztmcm.fd 2000/01/03 Fontinst v1.801 font definitions for OMS/ztmcm.
)
LaTeX Font Info:    Try loading font information for OMX+ztmcm on input line 11
70.

(/usr/local/texlive/2016/texmf-dist/tex/latex/psnfss/omxztmcm.fd
File: omxztmcm.fd 2000/01/03 Fontinst v1.801 font definitions for OMX/ztmcm.
)
LaTeX Font Info:    Try loading font information for OT1+ptm on input line 1170
.

(/usr/local/texlive/2016/texmf-dist/tex/latex/psnfss/ot1ptm.fd
File: ot1ptm.fd 2001/06/04 font definitions for OT1/ptm.
)
LaTeX Font Info:    Font shape `OT1/ptm/bx/n' in size <9> not available
(Font)              Font shape `OT1/ptm/b/n' tried instead on input line 1170.
LaTeX Font Info:    Font shape `OT1/ptm/bx/n' in size <7> not available
(Font)              Font shape `OT1/ptm/b/n' tried instead on input line 1170.
LaTeX Font Info:    Font shape `OT1/ptm/bx/n' in size <5> not available
(Font)              Font shape `OT1/ptm/b/n' tried instead on input line 1170.
\bibitemsep=\dimen118
\bibparsep=\dimen119
\biblabelsep=\dimen120
\authorcount=\count100
\affcount=\count101
\tempcount=\count102
LaTeX Info: Redefining \[ on input line 1547.
LaTeX Info: Redefining \] on input line 1548.
\@partialpageht=\dimen121
\store@outputbox=\box27
\storedboxheight=\dimen122
\nommaxdim=\dimen123
\nombox=\box28
 (./cuted.sty
Package: cuted 1997/10/01
\At@ViperColsBreak=\toks15
\v@aaa=\box29
\v@ccc=\box30
\stripsep=\skip70
\@viper=\box31
\viper@penalty=\count103
\hold@viper=\box32
\ht@viper=\dimen124
)
\calccount=\count104
\biocount=\count105
\printbiocount=\count106

(/usr/local/texlive/2016/texmf-dist/tex/latex/graphics/graphicx.sty
Package: graphicx 2014/10/28 v1.0g Enhanced LaTeX Graphics (DPC,SPQR)

(/usr/local/texlive/2016/texmf-dist/tex/latex/graphics/graphics.sty
Package: graphics 2016/05/09 v1.0r Standard LaTeX Graphics (DPC,SPQR)

(/usr/local/texlive/2016/texmf-dist/tex/latex/graphics/trig.sty
Package: trig 2016/01/03 v1.10 sin cos tan (DPC)
)
(/usr/local/texlive/2016/texmf-dist/tex/latex/graphics-cfg/graphics.cfg
File: graphics.cfg 2016/01/02 v1.10 sample graphics configuration
)
Package graphics Info: Driver file: pdftex.def on input line 96.

(/usr/local/texlive/2016/texmf-dist/tex/latex/pdftex-def/pdftex.def
File: pdftex.def 2011/05/27 v0.06d Graphics/color for pdfTeX

(/usr/local/texlive/2016/texmf-dist/tex/generic/oberdiek/infwarerr.sty
Package: infwarerr 2016/05/16 v1.4 Providing info/warning/error messages (HO)
)
(/usr/local/texlive/2016/texmf-dist/tex/generic/oberdiek/ltxcmds.sty
Package: ltxcmds 2016/05/16 v1.23 LaTeX kernel commands for general use (HO)
)
\Gread@gobject=\count107
))
\Gin@req@height=\dimen125
\Gin@req@width=\dimen126
))
No file aes2e-sample.aux.
\openout1 = `aes2e-sample.aux'.

LaTeX Font Info:    Checking defaults for OML/cmm/m/it on input line 11.
LaTeX Font Info:    ... okay on input line 11.
LaTeX Font Info:    Checking defaults for T1/cmr/m/n on input line 11.
LaTeX Font Info:    ... okay on input line 11.
LaTeX Font Info:    Checking defaults for OT1/cmr/m/n on input line 11.
LaTeX Font Info:    ... okay on input line 11.
LaTeX Font Info:    Checking defaults for OMS/cmsy/m/n on input line 11.
LaTeX Font Info:    ... okay on input line 11.
LaTeX Font Info:    Checking defaults for OMX/cmex/m/n on input line 11.
LaTeX Font Info:    ... okay on input line 11.
LaTeX Font Info:    Checking defaults for U/cmr/m/n on input line 11.
LaTeX Font Info:    ... okay on input line 11.
\big@size=\dimen127
(/usr/local/texlive/2016/texmf-dist/tex/context/base/mkii/supp-pdf.mkii
[Loading MPS to PDF converter (version 2006.09.02).]
\scratchcounter=\count108
\scratchdimen=\dimen128
\scratchbox=\box33
\nofMPsegments=\count109
\nofMParguments=\count110
\everyMPshowfont=\toks16
\MPscratchCnt=\count111
\MPscratchDim=\dimen129
\MPnumerator=\count112
\makeMPintoPDFobject=\count113
\everyMPtoPDFconversion=\toks17
) (/usr/local/texlive/2016/texmf-dist/tex/generic/oberdiek/pdftexcmds.sty
Package: pdftexcmds 2016/05/10 v0.21 Utility functions of pdfTeX for LuaTeX (HO
)

(/usr/local/texlive/2016/texmf-dist/tex/generic/oberdiek/ifluatex.sty
Package: ifluatex 2016/05/16 v1.4 Provides the ifluatex switch (HO)
Package ifluatex Info: LuaTeX not detected.
)
(/usr/local/texlive/2016/texmf-dist/tex/generic/oberdiek/ifpdf.sty
Package: ifpdf 2016/05/14 v3.1 Provides the ifpdf switch
)
Package pdftexcmds Info: LuaTeX not detected.
Package pdftexcmds Info: \pdf@primitive is available.
Package pdftexcmds Info: \pdf@ifprimitive is available.
Package pdftexcmds Info: \pdfdraftmode found.
)
(/usr/local/texlive/2016/texmf-dist/tex/latex/oberdiek/epstopdf-base.sty
Package: epstopdf-base 2016/05/15 v2.6 Base part for package epstopdf

(/usr/local/texlive/2016/texmf-dist/tex/latex/oberdiek/grfext.sty
Package: grfext 2016/05/16 v1.2 Manage graphics extensions (HO)

(/usr/local/texlive/2016/texmf-dist/tex/generic/oberdiek/kvdefinekeys.sty
Package: kvdefinekeys 2016/05/16 v1.4 Define keys (HO)
))
(/usr/local/texlive/2016/texmf-dist/tex/latex/oberdiek/kvoptions.sty
Package: kvoptions 2016/05/16 v3.12 Key value format for package options (HO)

(/usr/local/texlive/2016/texmf-dist/tex/generic/oberdiek/kvsetkeys.sty
Package: kvsetkeys 2016/05/16 v1.17 Key value parser (HO)

(/usr/local/texlive/2016/texmf-dist/tex/generic/oberdiek/etexcmds.sty
Package: etexcmds 2016/05/16 v1.6 Avoid name clashes with e-TeX commands (HO)
Package etexcmds Info: Could not find \expanded.
(etexcmds)             That can mean that you are not using pdfTeX 1.50 or
(etexcmds)             that some package has redefined \expanded.
(etexcmds)             In the latter case, load this package earlier.
)))
Package grfext Info: Graphics extension search list:
(grfext)             [.png,.pdf,.jpg,.mps,.jpeg,.jbig2,.jb2,.PNG,.PDF,.JPG,.JPE
G,.JBIG2,.JB2,.eps]
(grfext)             \AppendGraphicsExtensions on input line 456.

(/usr/local/texlive/2016/texmf-dist/tex/latex/latexconfig/epstopdf-sys.cfg
File: epstopdf-sys.cfg 2010/07/13 v1.3 Configuration of (r)epstopdf for TeX Liv
e
))
LaTeX Font Info:    Try loading font information for OT1+phv on input line 41.

(/usr/local/texlive/2016/texmf-dist/tex/latex/psnfss/ot1phv.fd
File: ot1phv.fd 2001/06/04 scalable font definitions for OT1/phv.
)
LaTeX Font Info:    Font shape `OT1/phv/bx/n' in size <20> not available
(Font)              Font shape `OT1/phv/b/n' tried instead on input line 41.
LaTeX Font Info:    Calculating math sizes for size <20> on input line 41.
LaTeX Font Info:    Font shape `OT1/ptm/bx/n' in size <20> not available
(Font)              Font shape `OT1/ptm/b/n' tried instead on input line 41.
LaTeX Font Info:    Font shape `OT1/ptm/bx/n' in size <14.80011> not available
(Font)              Font shape `OT1/ptm/b/n' tried instead on input line 41.
LaTeX Font Info:    Font shape `OT1/ptm/bx/n' in size <12.00012> not available
(Font)              Font shape `OT1/ptm/b/n' tried instead on input line 41.
LaTeX Font Info:    Font shape `OT1/phv/bx/n' in size <10> not available
(Font)              Font shape `OT1/phv/b/n' tried instead on input line 41.
LaTeX Font Info:    Font shape `OT1/phv/m/it' in size <10> not available
(Font)              Font shape `OT1/phv/m/sl' tried instead on input line 41.
LaTeX Font Info:    Font shape `OT1/ptm/bx/n' in size <10> not available
(Font)              Font shape `OT1/ptm/b/n' tried instead on input line 45.


LaTeX Warning: Citation `DEK1' on page 1 undefined on input line 45.


LaTeX Warning: Citation `DEK2' on page 1 undefined on input line 45.


LaTeX Warning: Citation `DEK3' on page 1 undefined on input line 45.


LaTeX Warning: Citation `DEK4' on page 1 undefined on input line 45.


LaTeX Warning: Citation `DEK1' on page 1 undefined on input line 48.


LaTeX Warning: Citation `DEK2' on page 1 undefined on input line 48.


LaTeX Warning: Citation `DEK3' on page 1 undefined on input line 48.


LaTeX Warning: Citation `DEK4' on page 1 undefined on input line 48.


LaTeX Warning: Citation `DEK1' on page 1 undefined on input line 52.


LaTeX Warning: Citation `DEK2' on page 1 undefined on input line 52.


LaTeX Warning: Citation `DEK3' on page 1 undefined on input line 52.


LaTeX Warning: Citation `DEK4' on page 1 undefined on input line 52.

LaTeX Font Info:    Font shape `OT1/phv/bx/it' in size <10> not available
(Font)              Font shape `OT1/phv/b/it' tried instead on input line 55.
LaTeX Font Info:    Font shape `OT1/phv/b/it' in size <10> not available
(Font)              Font shape `OT1/phv/b/sl' tried instead on input line 55.

LaTeX Warning: Citation `DEK1' on page 1 undefined on input line 56.


LaTeX Warning: Citation `DEK2' on page 1 undefined on input line 56.


LaTeX Warning: Citation `DEK3' on page 1 undefined on input line 56.


LaTeX Warning: Citation `DEK4' on page 1 undefined on input line 56.

LaTeX Font Info:    Font shape `OT1/ptm/bx/n' in size <7.4> not available
(Font)              Font shape `OT1/ptm/b/n' tried instead on input line 58.
LaTeX Font Info:    Font shape `OT1/ptm/bx/n' in size <6> not available
(Font)              Font shape `OT1/ptm/b/n' tried instead on input line 58.

LaTeX Warning: Citation `DEK1' on page 1 undefined on input line 64.


LaTeX Warning: Citation `DEK2' on page 1 undefined on input line 64.


LaTeX Warning: Citation `DEK3' on page 1 undefined on input line 64.


LaTeX Warning: Citation `DEK4' on page 1 undefined on input line 64.

[1{/usr/local/texlive/2016/texmf-var/fonts/map/pdftex/updmap/pdftex.map}


Non-PDF special ignored!


]

LaTeX Warning: Citation `DEK1' on page 2 undefined on input line 71.


LaTeX Warning: Citation `DEK2' on page 2 undefined on input line 71.


LaTeX Warning: Citation `DEK3' on page 2 undefined on input line 71.


LaTeX Warning: Citation `DEK4' on page 2 undefined on input line 71.


LaTeX Warning: Citation `DEK1' on page 2 undefined on input line 75.


LaTeX Warning: Citation `DEK2' on page 2 undefined on input line 75.


LaTeX Warning: Citation `DEK3' on page 2 undefined on input line 77.


LaTeX Warning: Citation `DEK4' on page 2 undefined on input line 77.


LaTeX Warning: Citation `DEK1' on page 2 undefined on input line 80.


LaTeX Warning: Citation `DEK2' on page 2 undefined on input line 80.


LaTeX Warning: Citation `DEK3' on page 2 undefined on input line 80.


LaTeX Warning: Citation `DEK4' on page 2 undefined on input line 80.

Package epstopdf Info: Source file: <aes2e-mouse.eps>
(epstopdf)                    date: 2010-10-18 11:03:00
(epstopdf)                    size: 5341 bytes
(epstopdf)             Output file: <aes2e-mouse-eps-converted-to.pdf>
(epstopdf)             Command: <repstopdf --outfile=aes2e-mouse-eps-converted-
to.pdf aes2e-mouse.eps>
(epstopdf)             \includegraphics on input line 113.
runsystem(repstopdf --outfile=aes2e-mouse-eps-converted-to.pdf aes2e-mouse.eps)
...executed safely (allowed).

Package epstopdf Info: Result file: <aes2e-mouse-eps-converted-to.pdf>
(epstopdf)                    date: 2018-11-16 11:31:11
(epstopdf)                    size: 3128 bytes.
<aes2e-mouse-eps-converted-to.pdf, id=16, 151.56625pt x 134.5025pt>
File: aes2e-mouse-eps-converted-to.pdf Graphic file (type pdf)

<use aes2e-mouse-eps-converted-to.pdf>
Package pdftex.def Info: aes2e-mouse-eps-converted-to.pdf used on input line 11
3.
(pdftex.def)             Requested size: 151.56587pt x 134.50215pt.
Package epstopdf Info: Source file: <aes2e-mouse.eps>
(epstopdf)                    date: 2010-10-18 11:03:00
(epstopdf)                    size: 5341 bytes
(epstopdf)             Output file: <aes2e-mouse-eps-converted-to.pdf>
(epstopdf)                    date: 2018-11-16 11:31:11
(epstopdf)                    size: 3128 bytes
(epstopdf)             Command: <repstopdf --outfile=aes2e-mouse-eps-converted-
to.pdf aes2e-mouse.eps>
(epstopdf)             \includegraphics on input line 120.
Package epstopdf Info: Output file is already uptodate.
File: aes2e-mouse-eps-converted-to.pdf Graphic file (type pdf)
 <use aes2e-mouse-eps-converted-to.pdf>
Package pdftex.def Info: aes2e-mouse-eps-converted-to.pdf used on input line 12
0.
(pdftex.def)             Requested size: 276.0pt x 244.9324pt.


LaTeX Warning: Citation `DEK1' on page 2 undefined on input line 130.


LaTeX Warning: Citation `DEK2' on page 2 undefined on input line 130.


LaTeX Warning: Citation `DEK3' on page 2 undefined on input line 131.


LaTeX Warning: Citation `DEK4' on page 2 undefined on input line 131.

[2 <./aes2e-mouse-eps-converted-to.pdf>]
Underfull \hbox (badness 10000) detected at line 136
$ []$
 []


LaTeX Warning: Citation `DEK1' on page 3 undefined on input line 137.


LaTeX Warning: Citation `DEK2' on page 3 undefined on input line 137.


Underfull \hbox (badness 10000) detected at line 139
[]
 []


Overfull \hbox (0.56006pt too wide) detected at line 140
\OT1/ptm/m/n/10 b)
 []


Underfull \hbox (badness 10000) detected at line 140
[]
 []


Underfull \hbox (badness 10000) detected at line 141
[]
 []


Overfull \hbox (0.56006pt too wide) detected at line 142
\OT1/ptm/m/n/10 d)
 []


Underfull \hbox (badness 10000) detected at line 142
[]
 []


LaTeX Warning: Citation `DEK1' on page 3 undefined on input line 144.


LaTeX Warning: Citation `DEK2' on page 3 undefined on input line 144.


Underfull \vbox (badness 1748) has occurred while \output is active []


Underfull \hbox (badness 2469) in paragraph at lines 154--155
[]\OT1/ptm/m/n/10 Blue--O-antigen struc-ture un-known. Func-tion de-ter-
 []


LaTeX Warning: Citation `DEK1' on page 3 undefined on input line 156.


LaTeX Warning: Citation `DEK2' on page 3 undefined on input line 156.


LaTeX Warning: Citation `DEK3' on page 3 undefined on input line 156.


LaTeX Warning: Citation `DEK4' on page 3 undefined on input line 156.

[3]
Underfull \hbox (badness 2261) in paragraph at lines 161--162
[]\OT1/ptm/m/n/10 Blue--O-antigen struc-ture un-known. Func-tion de-ter-
 []


LaTeX Warning: Citation `DEK1' on page 4 undefined on input line 163.


LaTeX Warning: Citation `DEK2' on page 4 undefined on input line 163.


LaTeX Warning: Citation `DEK3' on page 4 undefined on input line 163.


LaTeX Warning: Citation `DEK4' on page 4 undefined on input line 163.


LaTeX Warning: Citation `DEK1' on page 4 undefined on input line 166.


LaTeX Warning: Citation `DEK2' on page 4 undefined on input line 166.


LaTeX Warning: Citation `DEK3' on page 4 undefined on input line 166.


LaTeX Warning: Citation `DEK4' on page 4 undefined on input line 166.


LaTeX Warning: Citation `DEK1' on page 4 undefined on input line 169.


LaTeX Warning: Citation `DEK2' on page 4 undefined on input line 169.


LaTeX Warning: Citation `DEK3' on page 4 undefined on input line 169.


LaTeX Warning: Citation `DEK4' on page 4 undefined on input line 169.


LaTeX Warning: Citation `DEK5' on page 4 undefined on input line 169.

No file aes2e-sample.bbl.

LaTeX Warning: Citation `DEK1' on page 4 undefined on input line 219.


LaTeX Warning: Citation `DEK2' on page 4 undefined on input line 219.


LaTeX Warning: Citation `DEK3' on page 4 undefined on input line 224.


LaTeX Warning: Citation `DEK4' on page 4 undefined on input line 224.

Extra height:0.0pt when 612.6698pt
(2)Left:612.6698pt Right:599.7396pt Output:612.6698pt
- LAST -
Left:612.6698pt
Right:599.7396pt
Output:612.6698pt

Underfull \vbox (badness 10000) has occurred while \output is active []

 [4]
Extra height:0.0pt when 0.0pt
(2)Left:0.0pt Right:0.0pt Output:0.0pt
- LAST -
Left:0.0pt
Right:0.0pt
Output:0.0pt

Underfull \vbox (badness 10000) has occurred while \output is active []


Underfull \vbox (badness 10000) has occurred while \output is active []


Underfull \vbox (badness 10000) has occurred while \output is active []

Extra height:30.16492pt when 297.26492pt

Underfull \vbox (badness 10000) has occurred while \output is active []


Underfull \vbox (badness 10000) has occurred while \output is active []

Extra height:30.16492pt when 298.26492pt

Underfull \vbox (badness 10000) has occurred while \output is active []


Underfull \vbox (badness 10000) has occurred while \output is active []

Extra height:30.16492pt when 299.26492pt

Underfull \vbox (badness 10000) has occurred while \output is active []


Underfull \vbox (badness 10000) has occurred while \output is active []

Extra height:30.16492pt when 300.26492pt

Underfull \vbox (badness 10000) has occurred while \output is active []


Underfull \vbox (badness 10000) has occurred while \output is active []

Extra height:0.0pt when 301.26492pt

Underfull \vbox (badness 10000) has occurred while \output is active []

(2)Left:301.26492pt Right:308.92984pt Output:301.26492pt

Underfull \vbox (badness 10000) has occurred while \output is active []

(2)Left:308.92984pt Right:278.92984pt Output:308.92984pt
- LAST -
Left:308.92984pt
Right:278.92984pt
Output:308.92984pt

Underfull \vbox (badness 10000) has occurred while \output is active []


Overfull \hbox (252.0pt too wide) in paragraph at lines 240--240
| 
 []

[5

] (./aes2e-sample.aux)

LaTeX Warning: There were undefined references.

 ) 
Here is how much of TeX's memory you used:
 2121 strings out of 493014
 29473 string characters out of 6133351
 112808 words of memory out of 5000000
 5612 multiletter control sequences out of 15000+600000
 58841 words of font info for 115 fonts, out of 8000000 for 9000
 1141 hyphenation exceptions out of 8191
 37i,10n,23p,1492b,215s stack positions out of 5000i,500n,10000p,200000b,80000s
{/usr/local/texlive/2016/texmf-dist/fonts/enc/dvips/base/8r.enc}</usr/local/t
exlive/2016/texmf-dist/fonts/type1/public/amsfonts/cm/cmex10.pfb></usr/local/te
xlive/2016/texmf-dist/fonts/type1/public/amsfonts/cm/cmmi10.pfb></usr/local/tex
live/2016/texmf-dist/fonts/type1/public/amsfonts/cm/cmr10.pfb></usr/local/texli
ve/2016/texmf-dist/fonts/type1/public/amsfonts/cm/cmsy10.pfb></usr/local/texliv
e/2016/texmf-dist/fonts/type1/public/amsfonts/latxfont/lcircle1.pfb></usr/local
/texlive/2016/texmf-dist/fonts/type1/urw/helvetic/uhvb8a.pfb></usr/local/texliv
e/2016/texmf-dist/fonts/type1/urw/helvetic/uhvbo8a.pfb></usr/local/texlive/2016
/texmf-dist/fonts/type1/urw/helvetic/uhvr8a.pfb></usr/local/texlive/2016/texmf-
dist/fonts/type1/urw/helvetic/uhvro8a.pfb></usr/local/texlive/2016/texmf-dist/f
onts/type1/urw/symbol/usyr.pfb></usr/local/texlive/2016/texmf-dist/fonts/type1/
urw/times/utmb8a.pfb></usr/local/texlive/2016/texmf-dist/fonts/type1/urw/times/
utmr8a.pfb></usr/local/texlive/2016/texmf-dist/fonts/type1/urw/times/utmri8a.pf
b>
Output written on aes2e-sample.pdf (5 pages, 117086 bytes).
PDF statistics:
 76 PDF objects out of 1000 (max. 8388607)
 54 compressed objects within 1 object stream
 0 named destinations out of 1000 (max. 500000)
 6 words of extra memory for PDF output out of 10000 (max. 10000000)

