This is pdfTeX, Version 3.14159265-2.6-1.40.17 (TeX Live 2016) (preloaded format=pdflatex 2017.4.18)  16 NOV 2018 14:03
entering extended mode
 restricted \write18 enabled.
 file:line:error style messages enabled.
 %&-line parsing enabled.
**JAES_Gueguen_Aussal.tex
(./JAES_Gueguen_Aussal.tex
LaTeX2e <2016/03/31>
Babel <3.9r> and hyphenation patterns for 83 language(s) loaded.
(./aes2e.cls
Document Class: aes2e 2010/10/16 v1.0 Standard LaTeX document class for AES
\trimwidth=\dimen102
\trimheight=\dimen103
\typewidth=\dimen104
\typeheight=\dimen105
\tempdimen=\dimen106
\normaltextheight=\dimen107
\normalbaselineskip=\skip41
\blindfoliodrop=\dimen108
\enumdim=\dimen109
\figwidth=\dimen110
\tabledim=\dimen111
\tableleftskip=\skip42
\tablerightskip=\skip43
\tabnoteleftskip=\skip44
\tabnoterightskip=\skip45
\mathindent=\dimen112
\tempbox=\box26
(/usr/local/texlive/2016/texmf-dist/tex/latex/psnfss/mathptmx.sty
Package: mathptmx 2005/04/12 PSNFSS-v9.2a Times w/ Math, improved (SPQR, WaS) 
LaTeX Font Info:    Redeclaring symbol font `operators' on input line 28.
LaTeX Font Info:    Overwriting symbol font `operators' in version `normal'
(Font)                  OT1/cmr/m/n --> OT1/ztmcm/m/n on input line 28.
LaTeX Font Info:    Overwriting symbol font `operators' in version `bold'
(Font)                  OT1/cmr/bx/n --> OT1/ztmcm/m/n on input line 28.
LaTeX Font Info:    Redeclaring symbol font `letters' on input line 29.
LaTeX Font Info:    Overwriting symbol font `letters' in version `normal'
(Font)                  OML/cmm/m/it --> OML/ztmcm/m/it on input line 29.
LaTeX Font Info:    Overwriting symbol font `letters' in version `bold'
(Font)                  OML/cmm/b/it --> OML/ztmcm/m/it on input line 29.
LaTeX Font Info:    Redeclaring symbol font `symbols' on input line 30.
LaTeX Font Info:    Overwriting symbol font `symbols' in version `normal'
(Font)                  OMS/cmsy/m/n --> OMS/ztmcm/m/n on input line 30.
LaTeX Font Info:    Overwriting symbol font `symbols' in version `bold'
(Font)                  OMS/cmsy/b/n --> OMS/ztmcm/m/n on input line 30.
LaTeX Font Info:    Redeclaring symbol font `largesymbols' on input line 31.
LaTeX Font Info:    Overwriting symbol font `largesymbols' in version `normal'
(Font)                  OMX/cmex/m/n --> OMX/ztmcm/m/n on input line 31.
LaTeX Font Info:    Overwriting symbol font `largesymbols' in version `bold'
(Font)                  OMX/cmex/m/n --> OMX/ztmcm/m/n on input line 31.
\symbold=\mathgroup4
\symitalic=\mathgroup5
LaTeX Font Info:    Redeclaring math alphabet \mathbf on input line 34.
LaTeX Font Info:    Overwriting math alphabet `\mathbf' in version `normal'
(Font)                  OT1/cmr/bx/n --> OT1/ptm/bx/n on input line 34.
LaTeX Font Info:    Overwriting math alphabet `\mathbf' in version `bold'
(Font)                  OT1/cmr/bx/n --> OT1/ptm/bx/n on input line 34.
LaTeX Font Info:    Redeclaring math alphabet \mathit on input line 35.
LaTeX Font Info:    Overwriting math alphabet `\mathit' in version `normal'
(Font)                  OT1/cmr/m/it --> OT1/ptm/m/it on input line 35.
LaTeX Font Info:    Overwriting math alphabet `\mathit' in version `bold'
(Font)                  OT1/cmr/bx/it --> OT1/ptm/m/it on input line 35.
LaTeX Info: Redefining \hbar on input line 50.
)
(/usr/local/texlive/2016/texmf-dist/tex/latex/psnfss/helvet.sty
Package: helvet 2005/04/12 PSNFSS-v9.2a (WaS) 

(/usr/local/texlive/2016/texmf-dist/tex/latex/graphics/keyval.sty
Package: keyval 2014/10/28 v1.15 key=value parser (DPC)
\KV@toks@=\toks14
))
(/usr/local/texlive/2016/texmf-dist/tex/latex/psnfss/courier.sty
Package: courier 2005/04/12 PSNFSS-v9.2a (WaS) 
)
\c@part=\count79
\c@chapter=\count80
\c@section=\count81
\c@subsection=\count82
\c@subsubsection=\count83
\c@paragraph=\count84
\c@subparagraph=\count85
\topsepi=\skip46
\topsepii=\skip47
\topsepiii=\skip48
\itemsepi=\skip49
\itemsepii=\skip50
\itemsepiii=\skip51
\LabelSep=\dimen113
\listtextleftmargin=\skip52
\listtextleftmarginii=\skip53
\listtextleftmarginiii=\skip54
\listtextrightmargin=\skip55
\listlabelleftskip=\skip56
\listlabelleftskipii=\skip57
\listlabelleftskipiii=\skip58
\abovelistskipi=\skip59
\belowlistskipi=\skip60
\abovelistskipii=\skip61
\belowlistskipii=\skip62
\abovelistskipiii=\skip63
\belowlistskipiii=\skip64
\labelsepi=\skip65
\labelsepii=\skip66
\labelsepiii=\skip67
\enumdimwd=\dimen114
\itemleftmargin=\dimen115
\itemlabelsep=\dimen116
\c@ncount=\count86
\c@theorem=\count87
\c@example=\count88
\c@theorem=\count89
\c@lemma=\count90
\c@proposition=\count91
\c@corollary=\count92
\c@definition=\count93
\c@notation=\count94
\c@assumption=\count95
\c@remark=\count96
\abovecaptionskip=\skip68
\belowcaptionskip=\skip69
\c@figure=\count97
\c@table=\count98
\c@boxenv=\count99
\@footmax=\dimen117
LaTeX Font Info:    Try loading font information for OT1+ztmcm on input line 11
70.

(/usr/local/texlive/2016/texmf-dist/tex/latex/psnfss/ot1ztmcm.fd
File: ot1ztmcm.fd 2000/01/03 Fontinst v1.801 font definitions for OT1/ztmcm.
)
LaTeX Font Info:    Try loading font information for OML+ztmcm on input line 11
70.

(/usr/local/texlive/2016/texmf-dist/tex/latex/psnfss/omlztmcm.fd
File: omlztmcm.fd 2000/01/03 Fontinst v1.801 font definitions for OML/ztmcm.
)
LaTeX Font Info:    Try loading font information for OMS+ztmcm on input line 11
70.

(/usr/local/texlive/2016/texmf-dist/tex/latex/psnfss/omsztmcm.fd
File: omsztmcm.fd 2000/01/03 Fontinst v1.801 font definitions for OMS/ztmcm.
)
LaTeX Font Info:    Try loading font information for OMX+ztmcm on input line 11
70.

(/usr/local/texlive/2016/texmf-dist/tex/latex/psnfss/omxztmcm.fd
File: omxztmcm.fd 2000/01/03 Fontinst v1.801 font definitions for OMX/ztmcm.
)
LaTeX Font Info:    Try loading font information for OT1+ptm on input line 1170
.

(/usr/local/texlive/2016/texmf-dist/tex/latex/psnfss/ot1ptm.fd
File: ot1ptm.fd 2001/06/04 font definitions for OT1/ptm.
)
LaTeX Font Info:    Font shape `OT1/ptm/bx/n' in size <9> not available
(Font)              Font shape `OT1/ptm/b/n' tried instead on input line 1170.
LaTeX Font Info:    Font shape `OT1/ptm/bx/n' in size <7> not available
(Font)              Font shape `OT1/ptm/b/n' tried instead on input line 1170.
LaTeX Font Info:    Font shape `OT1/ptm/bx/n' in size <5> not available
(Font)              Font shape `OT1/ptm/b/n' tried instead on input line 1170.
\bibitemsep=\dimen118
\bibparsep=\dimen119
\biblabelsep=\dimen120
\authorcount=\count100
\affcount=\count101
\tempcount=\count102
LaTeX Info: Redefining \[ on input line 1547.
LaTeX Info: Redefining \] on input line 1548.
\@partialpageht=\dimen121
\store@outputbox=\box27
\storedboxheight=\dimen122
\nommaxdim=\dimen123
\nombox=\box28
 (./cuted.sty
Package: cuted 1997/10/01
\At@ViperColsBreak=\toks15
\v@aaa=\box29
\v@ccc=\box30
\stripsep=\skip70
\@viper=\box31
\viper@penalty=\count103
\hold@viper=\box32
\ht@viper=\dimen124
)
\calccount=\count104
\biocount=\count105
\printbiocount=\count106

(/usr/local/texlive/2016/texmf-dist/tex/latex/graphics/graphicx.sty
Package: graphicx 2014/10/28 v1.0g Enhanced LaTeX Graphics (DPC,SPQR)

(/usr/local/texlive/2016/texmf-dist/tex/latex/graphics/graphics.sty
Package: graphics 2016/05/09 v1.0r Standard LaTeX Graphics (DPC,SPQR)

(/usr/local/texlive/2016/texmf-dist/tex/latex/graphics/trig.sty
Package: trig 2016/01/03 v1.10 sin cos tan (DPC)
)
(/usr/local/texlive/2016/texmf-dist/tex/latex/graphics-cfg/graphics.cfg
File: graphics.cfg 2016/01/02 v1.10 sample graphics configuration
)
Package graphics Info: Driver file: pdftex.def on input line 96.

(/usr/local/texlive/2016/texmf-dist/tex/latex/pdftex-def/pdftex.def
File: pdftex.def 2011/05/27 v0.06d Graphics/color for pdfTeX

(/usr/local/texlive/2016/texmf-dist/tex/generic/oberdiek/infwarerr.sty
Package: infwarerr 2016/05/16 v1.4 Providing info/warning/error messages (HO)
)
(/usr/local/texlive/2016/texmf-dist/tex/generic/oberdiek/ltxcmds.sty
Package: ltxcmds 2016/05/16 v1.23 LaTeX kernel commands for general use (HO)
)
\Gread@gobject=\count107
))
\Gin@req@height=\dimen125
\Gin@req@width=\dimen126
))
(/usr/local/texlive/2016/texmf-dist/tex/latex/tools/array.sty
Package: array 2014/10/28 v2.4c Tabular extension package (FMi)
\col@sep=\dimen127
\extrarowheight=\dimen128
\NC@list=\toks16
\extratabsurround=\skip71
\backup@length=\skip72
)
(/usr/local/texlive/2016/texmf-dist/tex/latex/caption/caption.sty
Package: caption 2016/02/21 v3.3-144 Customizing captions (AR)

(/usr/local/texlive/2016/texmf-dist/tex/latex/caption/caption3.sty
Package: caption3 2016/02/04 v1.7-139 caption3 kernel (AR)
Package caption3 Info: TeX engine: e-TeX on input line 67.
\captionmargin=\dimen129
\captionmargin@=\dimen130
\captionwidth=\dimen131
\caption@tempdima=\dimen132
\caption@indent=\dimen133
\caption@parindent=\dimen134
\caption@hangindent=\dimen135
Package caption Info: Unknown document class (or package),
(caption)             standard defaults will be used.
)

Package caption Warning: Unsupported document class (or package) detected,
(caption)                usage of the caption package is not recommended.
See the caption package documentation for explanation.

Package caption Info: \@makecaption = \long macro:#1#2->\ifx \FigName \@captype
 \vskip \abovecaptionskip \@makefigurecaption {#1}{#2}\else \ifx \BoxName \@cap
type \@makeboxenvcaption {#1}{#2}\vskip \belowcaptionskip \else \@maketablecapt
ion {#1}{#2}\vskip \belowcaptionskip \fi \fi .
\c@ContinuedFloat=\count108
) (/usr/local/texlive/2016/texmf-dist/tex/latex/caption/subcaption.sty
Package: subcaption 2016/02/20 v1.1-142 Sub-captions (AR)
\c@subfigure=\count109
\c@subtable=\count110
)
(/usr/local/texlive/2016/texmf-dist/tex/latex/hyperref/hyperref.sty
Package: hyperref 2016/05/05 v6.83n Hypertext links for LaTeX

(/usr/local/texlive/2016/texmf-dist/tex/generic/oberdiek/hobsub-hyperref.sty
Package: hobsub-hyperref 2016/05/16 v1.14 Bundle oberdiek, subset hyperref (HO)


(/usr/local/texlive/2016/texmf-dist/tex/generic/oberdiek/hobsub-generic.sty
Package: hobsub-generic 2016/05/16 v1.14 Bundle oberdiek, subset generic (HO)
Package: hobsub 2016/05/16 v1.14 Construct package bundles (HO)
Package hobsub Info: Skipping package `infwarerr' (already loaded).
Package hobsub Info: Skipping package `ltxcmds' (already loaded).
Package: ifluatex 2016/05/16 v1.4 Provides the ifluatex switch (HO)
Package ifluatex Info: LuaTeX not detected.
Package: ifvtex 2016/05/16 v1.6 Detect VTeX and its facilities (HO)
Package ifvtex Info: VTeX not detected.
Package: intcalc 2016/05/16 v1.2 Expandable calculations with integers (HO)
Package: ifpdf 2016/05/14 v3.1 Provides the ifpdf switch
Package: etexcmds 2016/05/16 v1.6 Avoid name clashes with e-TeX commands (HO)
Package etexcmds Info: Could not find \expanded.
(etexcmds)             That can mean that you are not using pdfTeX 1.50 or
(etexcmds)             that some package has redefined \expanded.
(etexcmds)             In the latter case, load this package earlier.
Package: kvsetkeys 2016/05/16 v1.17 Key value parser (HO)
Package: kvdefinekeys 2016/05/16 v1.4 Define keys (HO)
Package: pdftexcmds 2016/05/10 v0.21 Utility functions of pdfTeX for LuaTeX (HO
)
Package pdftexcmds Info: LuaTeX not detected.
Package pdftexcmds Info: \pdf@primitive is available.
Package pdftexcmds Info: \pdf@ifprimitive is available.
Package pdftexcmds Info: \pdfdraftmode found.
Package: pdfescape 2016/05/16 v1.14 Implements pdfTeX's escape features (HO)
Package: bigintcalc 2016/05/16 v1.4 Expandable calculations on big integers (HO
)
Package: bitset 2016/05/16 v1.2 Handle bit-vector datatype (HO)
Package: uniquecounter 2016/05/16 v1.3 Provide unlimited unique counter (HO)
)
Package hobsub Info: Skipping package `hobsub' (already loaded).
Package: letltxmacro 2016/05/16 v1.5 Let assignment for LaTeX macros (HO)
Package: hopatch 2016/05/16 v1.3 Wrapper for package hooks (HO)
Package: xcolor-patch 2016/05/16 xcolor patch
Package: atveryend 2016/05/16 v1.9 Hooks at the very end of document (HO)
Package atveryend Info: \enddocument detected (standard20110627).
Package: atbegshi 2016/05/16 v1.17 At begin shipout hook (HO)
Package: refcount 2016/05/16 v3.5 Data extraction from label references (HO)
Package: hycolor 2016/05/16 v1.8 Color options for hyperref/bookmark (HO)
)
(/usr/local/texlive/2016/texmf-dist/tex/generic/ifxetex/ifxetex.sty
Package: ifxetex 2010/09/12 v0.6 Provides ifxetex conditional
)
(/usr/local/texlive/2016/texmf-dist/tex/latex/oberdiek/auxhook.sty
Package: auxhook 2016/05/16 v1.4 Hooks for auxiliary files (HO)
)
(/usr/local/texlive/2016/texmf-dist/tex/latex/oberdiek/kvoptions.sty
Package: kvoptions 2016/05/16 v3.12 Key value format for package options (HO)
)
\@linkdim=\dimen136
\Hy@linkcounter=\count111
\Hy@pagecounter=\count112

(/usr/local/texlive/2016/texmf-dist/tex/latex/hyperref/pd1enc.def
File: pd1enc.def 2016/05/05 v6.83n Hyperref: PDFDocEncoding definition (HO)
)
\Hy@SavedSpaceFactor=\count113

(/usr/local/texlive/2016/texmf-dist/tex/latex/latexconfig/hyperref.cfg
File: hyperref.cfg 2002/06/06 v1.2 hyperref configuration of TeXLive
)
Package hyperref Info: Hyper figures OFF on input line 4446.
Package hyperref Info: Link nesting OFF on input line 4451.
Package hyperref Info: Hyper index ON on input line 4454.
Package hyperref Info: Plain pages OFF on input line 4461.
Package hyperref Info: Backreferencing OFF on input line 4466.
Package hyperref Info: Implicit mode ON; LaTeX internals redefined.
Package hyperref Info: Bookmarks ON on input line 4691.
\c@Hy@tempcnt=\count114

(/usr/local/texlive/2016/texmf-dist/tex/latex/url/url.sty
\Urlmuskip=\muskip10
Package: url 2013/09/16  ver 3.4  Verb mode for urls, etc.
)
LaTeX Info: Redefining \url on input line 5044.
\XeTeXLinkMargin=\dimen137
\Fld@menulength=\count115
\Field@Width=\dimen138
\Fld@charsize=\dimen139
Package hyperref Info: Hyper figures OFF on input line 6298.
Package hyperref Info: Link nesting OFF on input line 6303.
Package hyperref Info: Hyper index ON on input line 6306.
Package hyperref Info: backreferencing OFF on input line 6313.
Package hyperref Info: Link coloring OFF on input line 6318.
Package hyperref Info: Link coloring with OCG OFF on input line 6323.
Package hyperref Info: PDF/A mode OFF on input line 6328.
LaTeX Info: Redefining \ref on input line 6368.
LaTeX Info: Redefining \pageref on input line 6372.
\Hy@abspage=\count116
\c@Item=\count117
\c@Hfootnote=\count118
)

Package hyperref Message: Driver (autodetected): hpdftex.

(/usr/local/texlive/2016/texmf-dist/tex/latex/hyperref/hpdftex.def
File: hpdftex.def 2016/05/05 v6.83n Hyperref driver for pdfTeX
\Fld@listcount=\count119
\c@bookmark@seq@number=\count120

(/usr/local/texlive/2016/texmf-dist/tex/latex/oberdiek/rerunfilecheck.sty
Package: rerunfilecheck 2016/05/16 v1.8 Rerun checks for auxiliary files (HO)
Package uniquecounter Info: New unique counter `rerunfilecheck' on input line 2
82.
)
\Hy@SectionHShift=\skip73
)
(/usr/local/texlive/2016/texmf-dist/tex/latex/amsfonts/amssymb.sty
Package: amssymb 2013/01/14 v3.01 AMS font symbols

(/usr/local/texlive/2016/texmf-dist/tex/latex/amsfonts/amsfonts.sty
Package: amsfonts 2013/01/14 v3.01 Basic AMSFonts support
\@emptytoks=\toks17
\symAMSa=\mathgroup6
\symAMSb=\mathgroup7
LaTeX Font Info:    Overwriting math alphabet `\mathfrak' in version `bold'
(Font)                  U/euf/m/n --> U/euf/b/n on input line 106.
))
(./JAES_Gueguen_Aussal.aux)
\openout1 = `JAES_Gueguen_Aussal.aux'.

LaTeX Font Info:    Checking defaults for OML/cmm/m/it on input line 17.
LaTeX Font Info:    ... okay on input line 17.
LaTeX Font Info:    Checking defaults for T1/cmr/m/n on input line 17.
LaTeX Font Info:    ... okay on input line 17.
LaTeX Font Info:    Checking defaults for OT1/cmr/m/n on input line 17.
LaTeX Font Info:    ... okay on input line 17.
LaTeX Font Info:    Checking defaults for OMS/cmsy/m/n on input line 17.
LaTeX Font Info:    ... okay on input line 17.
LaTeX Font Info:    Checking defaults for OMX/cmex/m/n on input line 17.
LaTeX Font Info:    ... okay on input line 17.
LaTeX Font Info:    Checking defaults for U/cmr/m/n on input line 17.
LaTeX Font Info:    ... okay on input line 17.
LaTeX Font Info:    Checking defaults for PD1/pdf/m/n on input line 17.
LaTeX Font Info:    ... okay on input line 17.
\big@size=\dimen140

(/usr/local/texlive/2016/texmf-dist/tex/context/base/mkii/supp-pdf.mkii
[Loading MPS to PDF converter (version 2006.09.02).]
\scratchcounter=\count121
\scratchdimen=\dimen141
\scratchbox=\box33
\nofMPsegments=\count122
\nofMParguments=\count123
\everyMPshowfont=\toks18
\MPscratchCnt=\count124
\MPscratchDim=\dimen142
\MPnumerator=\count125
\makeMPintoPDFobject=\count126
\everyMPtoPDFconversion=\toks19
) (/usr/local/texlive/2016/texmf-dist/tex/latex/oberdiek/epstopdf-base.sty
Package: epstopdf-base 2016/05/15 v2.6 Base part for package epstopdf

(/usr/local/texlive/2016/texmf-dist/tex/latex/oberdiek/grfext.sty
Package: grfext 2016/05/16 v1.2 Manage graphics extensions (HO)
)
Package grfext Info: Graphics extension search list:
(grfext)             [.png,.pdf,.jpg,.mps,.jpeg,.jbig2,.jb2,.PNG,.PDF,.JPG,.JPE
G,.JBIG2,.JB2,.eps]
(grfext)             \AppendGraphicsExtensions on input line 456.

(/usr/local/texlive/2016/texmf-dist/tex/latex/latexconfig/epstopdf-sys.cfg
File: epstopdf-sys.cfg 2010/07/13 v1.3 Configuration of (r)epstopdf for TeX Liv
e
))
Package caption Info: Begin \AtBeginDocument code.
Package caption Info: hyperref package is loaded.
Package caption Info: End \AtBeginDocument code.
\AtBeginShipoutBox=\box34
Package hyperref Info: Link coloring OFF on input line 17.

(/usr/local/texlive/2016/texmf-dist/tex/latex/hyperref/nameref.sty
Package: nameref 2012/10/27 v2.43 Cross-referencing by name of section

(/usr/local/texlive/2016/texmf-dist/tex/generic/oberdiek/gettitlestring.sty
Package: gettitlestring 2016/05/16 v1.5 Cleanup title references (HO)
)
\c@section@level=\count127
)
LaTeX Info: Redefining \ref on input line 17.
LaTeX Info: Redefining \pageref on input line 17.
LaTeX Info: Redefining \nameref on input line 17.

(./JAES_Gueguen_Aussal.out) (./JAES_Gueguen_Aussal.out)
\@outlinefile=\write3
\openout3 = `JAES_Gueguen_Aussal.out'.

LaTeX Font Info:    Try loading font information for OT1+phv on input line 43.

(/usr/local/texlive/2016/texmf-dist/tex/latex/psnfss/ot1phv.fd
File: ot1phv.fd 2001/06/04 scalable font definitions for OT1/phv.
)
LaTeX Font Info:    Font shape `OT1/phv/bx/n' in size <20> not available
(Font)              Font shape `OT1/phv/b/n' tried instead on input line 43.
LaTeX Font Info:    Font shape `OT1/phv/bx/n' in size <10> not available
(Font)              Font shape `OT1/phv/b/n' tried instead on input line 43.
LaTeX Font Info:    Font shape `OT1/phv/m/it' in size <10> not available
(Font)              Font shape `OT1/phv/m/sl' tried instead on input line 43.

Underfull \vbox (badness 10000) has occurred while \output is active []


<maillage.png, id=11, 1447.4075pt x 984.67876pt>
File: maillage.png Graphic file (type png)
 <use maillage.png>
Package pdftex.def Info: maillage.png used on input line 51.
(pdftex.def)             Requested size: 234.0pt x 159.18953pt.
LaTeX Font Info:    Font shape `OT1/ptm/bx/n' in size <10> not available
(Font)              Font shape `OT1/ptm/b/n' tried instead on input line 60.
LaTeX Font Info:    Font shape `OT1/ptm/bx/n' in size <7.4> not available
(Font)              Font shape `OT1/ptm/b/n' tried instead on input line 60.
LaTeX Font Info:    Font shape `OT1/ptm/bx/n' in size <6> not available
(Font)              Font shape `OT1/ptm/b/n' tried instead on input line 60.
 [1{/usr/local/texlive/2016/texmf-var/fonts/map/pdftex/updmap/pdftex.map}


Non-PDF special ignored!


] <schema_rayon.png, id=39, 372.39125pt x 226.8475pt>
File: schema_rayon.png Graphic file (type png)

<use schema_rayon.png>
Package pdftex.def Info: schema_rayon.png used on input line 97.
(pdftex.def)             Requested size: 234.0pt x 142.54776pt.
LaTeX Font Info:    Try loading font information for OMS+ptm on input line 103.


(/usr/local/texlive/2016/texmf-dist/tex/latex/psnfss/omsptm.fd
File: omsptm.fd 
)
LaTeX Font Info:    Font shape `OMS/ptm/m/n' in size <10> not available
(Font)              Font shape `OMS/cmsy/m/n' tried instead on input line 103.
 [2 <./maillage.png> <./schema_rayon.png>] <energie.png, id=69, 396.682pt x 317
.988pt>
File: energie.png Graphic file (type png)

<use energie.png>
Package pdftex.def Info: energie.png used on input line 152.
(pdftex.def)             Requested size: 234.0pt x 187.58217pt.
 <schema_SI.png, id=70, 486.81876pt x 446.66875pt>
File: schema_SI.png Graphic file (type png)

<use schema_SI.png>
Package pdftex.def Info: schema_SI.png used on input line 160.
(pdftex.def)             Requested size: 234.0pt x 214.69844pt.

Overfull \hbox (8.02382pt too wide) in paragraph at lines 213--213
 []|\OT1/ptm/m/n/9 Reference| 
 []


Overfull \hbox (2.03867pt too wide) in paragraph at lines 213--213
 []|\OT1/ptm/m/n/9 Material 
 []

[3pdfTeX warning (ext4): destination with the same identifier (name{Hfootnote.3
}) has been already used, duplicate ignored

\AtBegShi@Output ...ipout \box \AtBeginShipoutBox 
                                                  \fi \fi 
l.224 
       <./energie.png> <./schema_SI.png>]
<octreeSuzanne.png, id=117, 552.0625pt x 469.755pt>
File: octreeSuzanne.png Graphic file (type png)
 <use octreeSuzanne.png>
Package pdftex.def Info: octreeSuzanne.png used on input line 265.
(pdftex.def)             Requested size: 187.20071pt x 159.29169pt.

Underfull \vbox (badness 1097) has occurred while \output is active []

 [4]
<times.png, id=138, 768.8725pt x 406.51875pt>
File: times.png Graphic file (type png)
 <use times.png>
Package pdftex.def Info: times.png used on input line 288.
(pdftex.def)             Requested size: 234.0pt x 123.7182pt.

Underfull \vbox (badness 1210) has occurred while \output is active []

 [5 <./octreeSuzanne.png> <./times.png>] <sphere.png, id=161, 441.65pt x 335.65
4pt>
File: sphere.png Graphic file (type png)

<use sphere.png>
Package pdftex.def Info: sphere.png used on input line 324.
(pdftex.def)             Requested size: 234.0pt x 177.83942pt.
 <sourcesImages.png, id=164, 449.68pt x 337.26pt>
File: sourcesImages.png Graphic file (type png)

<use sourcesImages.png>
Package pdftex.def Info: sourcesImages.png used on input line 333.
(pdftex.def)             Requested size: 228.4206pt x 171.31587pt.
 <boite.png, id=165, 404.712pt x 326.018pt>
File: boite.png Graphic file (type png)

<use boite.png>
Package pdftex.def Info: boite.png used on input line 339.
(pdftex.def)             Requested size: 228.4206pt x 184.0065pt.

Underfull \hbox (badness 1454) in paragraph at lines 348--349
[]\OT1/ptm/m/n/10 Quadratic de-cay $\OT1/ztmcm/m/n/10 1\OML/ztmcm/m/it/10 =d[]$
\OT1/ptm/m/n/10 , where $\OML/ztmcm/m/it/10 d$ \OT1/ptm/m/n/10 stands for image
-
 []


Underfull \vbox (badness 2042) has occurred while \output is active []

 [6 <./sphere.png> <./sourcesImages.png (PNG copy)> <./boite.png>]
<soft.png, id=184, 1088.065pt x 430.60875pt>
File: soft.png Graphic file (type png)
 <use soft.png>
Package pdftex.def Info: soft.png used on input line 360.
(pdftex.def)             Requested size: 234.0pt x 92.60535pt.

Underfull \vbox (badness 1400) has occurred while \output is active []


<rirTheatreAvecDecor.png, id=200, 655.44875pt x 346.29375pt>
File: rirTheatreAvecDecor.png Graphic file (type png)

<use rirTheatreAvecDecor.png>
Package pdftex.def Info: rirTheatreAvecDecor.png used on input line 384.
(pdftex.def)             Requested size: 194.39703pt x 102.70529pt.
 <SI60dB.png, id=201, 810.02625pt x 677.53125pt>
File: SI60dB.png Graphic file (type png)

<use SI60dB.png>
Package pdftex.def Info: SI60dB.png used on input line 389.
(pdftex.def)             Requested size: 170.10297pt x 142.27542pt.
 <rirTheatre20.png, id=202, 780.9175pt x 330.23375pt>
File: rirTheatre20.png Graphic file (type png)

<use rirTheatre20.png>
Package pdftex.def Info: rirTheatre20.png used on input line 400.
(pdftex.def)             Requested size: 243.0pt x 102.7594pt.
 <SI30dB.png, id=203, 881.2925pt x 759.83875pt>
File: SI30dB.png Graphic file (type png)

<use SI30dB.png>
Package pdftex.def Info: SI30dB.png used on input line 405.
(pdftex.def)             Requested size: 170.10297pt x 146.6549pt.

Overfull \hbox (9.0pt too wide) in paragraph at lines 399--409
 []$[]$ 
 []

[7 <./soft.png>]
Underfull \hbox (badness 3354) in paragraph at lines 434--435
[]\OT1/ptm/m/n/10 The au-thors are par-tic-u-larly in-debted to Fran[]ois
 []

(./JAES_Gueguen_Aussal.bbl
Underfull \hbox (badness 2941) in paragraph at lines 18--24
\OT1/ptm/m/n/10 Lil-iane Ra-ba-tel, Em-manuelle Rosso, and Do-minique
 []


Underfull \hbox (badness 1558) in paragraph at lines 31--34
\OT1/ptm/m/n/10 ses en-seigne-ments. []Editions du cen-tre na-tional de la
 []


Underfull \hbox (badness 1755) in paragraph at lines 41--45
[]\OT1/ptm/m/n/10 Robin Gueguen. Vir-tu-al-i-sa-tion ar-chi-tec-turale vi-
 []


Underfull \vbox (badness 10000) has occurred while \output is active []

 [8 <./rirTheatreAvecDecor.png> <./SI60dB.png> <./rirTheatre20.png> <./SI30dB.p
ng>]
Underfull \hbox (badness 4556) in paragraph at lines 52--56
[]\OT1/ptm/m/n/10 Jacques Jouhaneau. Acous-tique des salles et
 []


Underfull \hbox (badness 2073) in paragraph at lines 58--61
[]\OT1/ptm/m/n/10 Benjamin Kein-ert, Matthias In-n-mann, Michael
 []


Underfull \hbox (badness 10000) in paragraph at lines 88--93
[]\OT1/ptm/m/n/10 Emmanuel Perrey-Debaina, Ming-ming Yang,
 []


Underfull \hbox (badness 10000) in paragraph at lines 95--100
\OT1/ptm/m/n/10 https://www.grasshopper3d.com/forum/topics/acoustic-
 []

)
Underfull \vbox (badness 10000) has occurred while \output is active []


Underfull \vbox (badness 10000) has occurred while \output is active []

Extra height:42.16492pt when 214.38246pt

Underfull \vbox (badness 10000) has occurred while \output is active []


Underfull \vbox (badness 10000) has occurred while \output is active []

Extra height:42.16492pt when 215.38246pt

Underfull \vbox (badness 10000) has occurred while \output is active []


Underfull \vbox (badness 10000) has occurred while \output is active []

Extra height:42.16492pt when 216.38246pt

Underfull \vbox (badness 10000) has occurred while \output is active []


Underfull \vbox (badness 4686) has occurred while \output is active []

Extra height:0.0pt when 217.38246pt

Underfull \vbox (badness 10000) has occurred while \output is active []

(2)Left:217.38246pt Right:210.16492pt Output:217.38246pt
- LAST -
Left:217.38246pt
Right:210.16492pt
Output:217.38246pt

Underfull \vbox (badness 10000) has occurred while \output is active []


Overfull \vbox (2.5pt too high) has occurred while \output is active []

Extra height:0.0pt when 2.5pt

Overfull \vbox (2.5pt too high) has occurred while \output is active []

(2)Left:2.5pt Right:0.0pt Output:2.5pt
- LAST -
Left:2.5pt
Right:0.0pt
Output:2.5pt

Overfull \vbox (2.5pt too high) has occurred while \output is active []


Overfull \hbox (252.0pt too wide) in paragraph at lines 440--440
| 
 []

Package atveryend Info: Empty hook `BeforeClearDocument' on input line 440.
[9

]
Package atveryend Info: Empty hook `AfterLastShipout' on input line 440.
 (./JAES_Gueguen_Aussal.aux)
Package atveryend Info: Executing hook `AtVeryEndDocument' on input line 440.
Package atveryend Info: Executing hook `AtEndAfterFileList' on input line 440.
Package rerunfilecheck Info: File `JAES_Gueguen_Aussal.out' has not changed.
(rerunfilecheck)             Checksum: D41D8CD98F00B204E9800998ECF8427E;0.
Package atveryend Info: Empty hook `AtVeryVeryEnd' on input line 440.
 ) 
Here is how much of TeX's memory you used:
 7297 strings out of 493014
 109478 string characters out of 6133351
 210832 words of memory out of 5000000
 10634 multiletter control sequences out of 15000+600000
 56384 words of font info for 117 fonts, out of 8000000 for 9000
 1141 hyphenation exceptions out of 8191
 36i,16n,45p,1983b,455s stack positions out of 5000i,500n,10000p,200000b,80000s
pdfTeX warning (dest): name{Hfootnote.2} has been referenced but does not exi
st, replaced by a fixed one

{/usr/local/texlive/2016/texmf-dist/fonts/enc/dvips/base/8r.enc}</usr/local/tex
live/2016/texmf-dist/fonts/type1/public/amsfonts/cm/cmex10.pfb></usr/local/texl
ive/2016/texmf-dist/fonts/type1/public/amsfonts/cm/cmmi10.pfb></usr/local/texli
ve/2016/texmf-dist/fonts/type1/public/amsfonts/cm/cmr10.pfb></usr/local/texlive
/2016/texmf-dist/fonts/type1/public/amsfonts/cm/cmsy10.pfb></usr/local/texlive/
2016/texmf-dist/fonts/type1/public/amsfonts/symbols/msbm10.pfb></usr/local/texl
ive/2016/texmf-dist/fonts/type1/urw/helvetic/uhvb8a.pfb></usr/local/texlive/201
6/texmf-dist/fonts/type1/urw/helvetic/uhvr8a.pfb></usr/local/texlive/2016/texmf
-dist/fonts/type1/urw/helvetic/uhvro8a.pfb></usr/local/texlive/2016/texmf-dist/
fonts/type1/urw/symbol/usyr.pfb></usr/local/texlive/2016/texmf-dist/fonts/type1
/urw/symbol/usyr.pfb></usr/local/texlive/2016/texmf-dist/fonts/type1/urw/times/
utmb8a.pfb></usr/local/texlive/2016/texmf-dist/fonts/type1/urw/times/utmr8a.pfb
></usr/local/texlive/2016/texmf-dist/fonts/type1/urw/times/utmri8a.pfb>
Output written on JAES_Gueguen_Aussal.pdf (9 pages, 2170381 bytes).
PDF statistics:
 302 PDF objects out of 1000 (max. 8388607)
 242 compressed objects within 3 object streams
 85 named destinations out of 1000 (max. 500000)
 71 words of extra memory for PDF output out of 10000 (max. 10000000)

